tipoff/build/intermediates/manifest_merge_blame_file/release/manifest-merger-blame-release-report.txt
1<?xml version="1.0" encoding="utf-8"?>
2<manifest xmlns:android="http://schemas.android.com/apk/res/android"
3    package="cn.lyjj.tipoff"
4    android:versionCode="1"
5    android:versionName="1.0" >
6
7    <uses-sdk
8        android:minSdkVersion="21"
8-->src\main\AndroidManifest.xml
9        android:targetSdkVersion="30" />
9-->src\main\AndroidManifest.xml
10    /
11    <application>
11-->src\main\AndroidManifest.xml:5:5-12:19
12        <activity
12-->src\main\AndroidManifest.xml:6:9-7:51
13            android:name="cn.lyjj.tipoff.TipoffActivity"
13-->src\main\AndroidManifest.xml:6:19-63
14            android:screenOrientation="portrait" />
14-->src\main\AndroidManifest.xml:7:13-49
15        <activity
15-->src\main\AndroidManifest.xml:8:9-9:51
16            android:name="cn.lyjj.tipoff.TipOffInfoActivity"
16-->src\main\AndroidManifest.xml:8:19-67
17            android:screenOrientation="portrait" />
17-->src\main\AndroidManifest.xml:9:13-49
18        <activity
18-->src\main\AndroidManifest.xml:10:9-11:51
19            android:name="cn.lyjj.tipoff.TipOffListActivity"
19-->src\main\AndroidManifest.xml:10:19-67
20            android:screenOrientation="portrait" />
20-->src\main\AndroidManifest.xml:11:13-49
21    </application>
22
23</manifest>